<?xml version="1.0" encoding="UTF-8"?>
<!-- Generated by org.testng.reporters.JUnitXMLReporter -->
<testsuite hostname="TYRAEL-HPC" name="Command line test" tests="22" failures="0" timestamp="21 Dec 2020 09:36:58 GMT" time="1.689" errors="0">
  <testcase name="parseTest" time="0.062" classname="com.turn.ttorrent.common.protocol.http.HTTPAnnounceResponseMessageTest"/>
  <testcase name="testEmptySource" time="0.011" classname="com.turn.ttorrent.common.creation.HashesCalculatorsTest"/>
  <testcase name="testOneLargeSource" time="1.567" classname="com.turn.ttorrent.common.creation.HashesCalculatorsTest"/>
  <testcase name="testReadingNotFullyBuffer" time="0.002" classname="com.turn.ttorrent.common.creation.HashesCalculatorsTest"/>
  <testcase name="testStreamsAsPiece" time="0.003" classname="com.turn.ttorrent.common.creation.HashesCalculatorsTest"/>
  <testcase name="testWithSmallSource" time="0.001" classname="com.turn.ttorrent.common.creation.HashesCalculatorsTest"/>
  <testcase name="testBuildWithSpecifiedHashes" time="0.002" classname="com.turn.ttorrent.common.creation.MetadataBuilderTest"/>
  <testcase name="testMultiFileModeWithOneFile" time="0.001" classname="com.turn.ttorrent.common.creation.MetadataBuilderTest"/>
  <testcase name="testMultiFileWithOneFileValues" time="0.0" classname="com.turn.ttorrent.common.creation.MetadataBuilderTest"/>
  <testcase name="testSingleFile" time="0.0" classname="com.turn.ttorrent.common.creation.MetadataBuilderTest"/>
  <testcase name="badBEPFormatTest" time="0.0" classname="com.turn.ttorrent.common.TorrentParserTest"/>
  <testcase name="missingRequiredFieldTest" time="0.001" classname="com.turn.ttorrent.common.TorrentParserTest"/>
  <testcase name="parseTest" time="0.003" classname="com.turn.ttorrent.common.TorrentParserTest"/>
  <testcase name="testParseNullAnnounce" time="0.0" classname="com.turn.ttorrent.common.TorrentParserTest"/>
  <testcase name="testBytesToHexAllSymbols" time="0.0" classname="com.turn.ttorrent.common.TorrentUtilsTest"/>
  <testcase name="testBytesToHexTrailingZero" time="0.0" classname="com.turn.ttorrent.common.TorrentUtilsTest"/>
  <testcase name="testBytesToHexWithEmptyByteArray" time="0.0" classname="com.turn.ttorrent.common.TorrentUtilsTest"/>
  <testcase name="testBytesToHexWithLeadingZero" time="0.0" classname="com.turn.ttorrent.common.TorrentUtilsTest"/>
  <testcase name="testBytesToHexWithNull" time="0.001" classname="com.turn.ttorrent.common.TorrentUtilsTest"/>
  <testcase name="testBytesToHexWithSingleByte" time="0.002" classname="com.turn.ttorrent.common.TorrentUtilsTest"/>
  <testcase name="testBytesToHexWithZeroByte" time="0.0" classname="com.turn.ttorrent.common.TorrentUtilsTest"/>
  <testcase name="parseTest" time="0.005" classname="com.turn.ttorrent.common.protocol.udp.UDPAnnounceResponseMessageTest"/>
</testsuite> <!-- Command line test -->
