<?xml version="1.0" encoding="UTF-8" ?>
<testsuite tests="39" failures="0" name="TestSuite" time="192.838" errors="0" skipped="0">
  <properties>
[...]
</properties>
  <testcase classname="com.turn.ttorrent.client.CommunicationManagerTest" name="canStartAndStopClientTwice" time="0.042"/>
  <testcase classname="com.turn.ttorrent.client.CommunicationManagerTest" name="corrupted_seeder" time="10.548"/>
  <testcase classname="com.turn.ttorrent.client.CommunicationManagerTest" name="download_io_error" time="12.485"/>
  <testcase classname="com.turn.ttorrent.client.CommunicationManagerTest" name="download_many_times" time="17.748"/>
  <testcase classname="com.turn.ttorrent.client.CommunicationManagerTest" name="download_multiple_files" time="1.797"/>
  <testcase classname="com.turn.ttorrent.client.CommunicationManagerTest" name="download_uninterruptibly_negative" time="7.162"/>
  <testcase classname="com.turn.ttorrent.client.CommunicationManagerTest" name="download_uninterruptibly_positive" time="0.252"/>
  <testcase classname="com.turn.ttorrent.client.CommunicationManagerTest" name="download_uninterruptibly_timeout" time="7.163"/>
  <testcase classname="com.turn.ttorrent.client.CommunicationManagerTest" name="interrupt_download" time="0.444"/>
  <testcase classname="com.turn.ttorrent.client.CommunicationManagerTest" name="large_file_download" time="3.466"/>
  <testcase classname="com.turn.ttorrent.client.CommunicationManagerTest" name="more_than_one_seeder_for_same_torrent" time="0.038"/>
  <testcase classname="com.turn.ttorrent.client.CommunicationManagerTest" name="no_full_seeder_test" time="27.549"/>
  <testcase classname="com.turn.ttorrent.client.CommunicationManagerTest" name="peer_dies_during_download" time="2.669"/>
  <testcase classname="com.turn.ttorrent.client.CommunicationManagerTest" name="testClosingPieceStorageWhenDownloading" time="0.217"/>
  <testcase classname="com.turn.ttorrent.client.CommunicationManagerTest" name="testConnectToAllDiscoveredPeers" time="5.111"/>
  <testcase classname="com.turn.ttorrent.client.CommunicationManagerTest" name="testHungSeeder" time="8.618"/>
  <testcase classname="com.turn.ttorrent.client.CommunicationManagerTest" name="testListenersWithBadSeeder" time="15.587"/>
  <testcase classname="com.turn.ttorrent.client.CommunicationManagerTest" name="testManySeeders" time="2.34"/>
  <testcase classname="com.turn.ttorrent.client.CommunicationManagerTest" name="testThatDownloadStatisticProvidedToTracker" time="5.131"/>
  <testcase classname="com.turn.ttorrent.client.CommunicationManagerTest" name="testThatSeederIsNotReceivedHaveMessages" time="2.066"/>
  <testcase classname="com.turn.ttorrent.client.CommunicationManagerTest" name="testThatTorrentsHaveLazyInitAndRemovingAfterDownload" time="2.357"/>
  <testcase classname="com.turn.ttorrent.client.CommunicationManagerTest" name="test_connect_to_unknown_host" time="41.419"/>
  <testcase classname="com.turn.ttorrent.client.CommunicationManagerTest" name="test_seeding_does_not_change_file_modification_date" time="1.544"/>
  <testcase classname="com.turn.ttorrent.client.CommunicationManagerTest" name="torrentListenersPositiveTest" time="0.204"/>
  <testcase classname="com.turn.ttorrent.client.CommunicationManagerTest" name="unlock_file_when_no_leechers" time="2.584"/>
  <testcase classname="com.turn.ttorrent.common.TorrentTest" name="load_torrent_created_by_utorrent" time="0.001"/>
  <testcase classname="com.turn.ttorrent.common.TorrentTest" name="testFilenames" time="0.001"/>
  <testcase classname="com.turn.ttorrent.common.TorrentTest" name="test_create_torrent" time="0.006"/>
  <testcase classname="com.turn.ttorrent.common.TorrentTest" name="torrent_from_multiple_files" time="0.014"/>
  <testcase classname="com.turn.ttorrent.tracker.TrackerAnnounceTest" name="test_announce" time="0.003"/>
  <testcase classname="com.turn.ttorrent.client.announce.TrackerClientTest" name="multiAnnounceTest" time="0.891"/>
  <testcase classname="com.turn.ttorrent.tracker.TrackerTest" name="testPeerWithManyInterfaces" time="0.755"/>
  <testcase classname="com.turn.ttorrent.tracker.TrackerTest" name="test_share_and_download" time="0.538"/>
  <testcase classname="com.turn.ttorrent.tracker.TrackerTest" name="test_tracker_all_ports" time="0.215"/>
  <testcase classname="com.turn.ttorrent.tracker.TrackerTest" name="tracker_accepts_torrent_from_leech" time="0.524"/>
  <testcase classname="com.turn.ttorrent.tracker.TrackerTest" name="tracker_accepts_torrent_from_seeder" time="0.535"/>
  <testcase classname="com.turn.ttorrent.tracker.TrackerTest" name="tracker_accepts_torrent_from_seeder_plus_leech" time="0.539"/>
  <testcase classname="com.turn.ttorrent.tracker.TrackerTest" name="tracker_removes_peer_after_peer_shutdown" time="0.037"/>
  <testcase classname="com.turn.ttorrent.tracker.TrackerTest" name="tracker_removes_peer_after_timeout" time="10.238"/>
</testsuite>