<?xml version="1.0" encoding="UTF-8"?>
<!-- Generated by org.testng.reporters.JUnitXMLReporter -->
<testsuite hostname="TYRAEL-HPC" name="Command line test" tests="9" failures="0" timestamp="21 Dec 2020 09:37:03 GMT" time="1.123" errors="0">
  <testcase name="testCleanupWillCloseWithTimeout" time="0.042" classname="com.turn.ttorrent.network.keyProcessors.CleanupKeyProcessorTest"/>
  <testcase name="testCleanupWithoutClose" time="0.002" classname="com.turn.ttorrent.network.keyProcessors.CleanupKeyProcessorTest"/>
  <testcase name="testSelected" time="0.001" classname="com.turn.ttorrent.network.keyProcessors.CleanupKeyProcessorTest"/>
  <testcase name="canAcceptAndReadData" time="0.024" classname="com.turn.ttorrent.network.ConnectionManagerTest"/>
  <testcase name="testThatDoubleInitThrowException" time="0.001" classname="com.turn.ttorrent.network.ConnectionManagerTest"/>
  <testcase name="testCleanupIsCalled" time="0.048" classname="com.turn.ttorrent.network.ConnectionWorkerTest"/>
  <testcase name="checkThatWriteTaskDoesntRemovedIfBufferIsNotWrittenInOneStep" time="0.011" classname="com.turn.ttorrent.network.keyProcessors.WritableKeyProcessorTest"/>
  <testcase name="testThatOnWriteDoneInvoked" time="0.001" classname="com.turn.ttorrent.network.keyProcessors.WritableKeyProcessorTest"/>
  <testcase name="testThatOnWriteFailedInvokedIfChannelThrowException" time="0.001" classname="com.turn.ttorrent.network.keyProcessors.WritableKeyProcessorTest"/>
</testsuite> <!-- Command line test -->
