<?xml version="1.0" encoding="UTF-8"?>
<!-- Generated by org.testng.reporters.JUnitXMLReporter -->
<testsuite hostname="TYRAEL-HPC" name="Command line test" tests="39" failures="0" timestamp="21 Dec 2020 09:40:53 GMT" time="203.012" errors="0">
  <testcase name="canStartAndStopClientTwice" time="0.043" classname="com.turn.ttorrent.client.CommunicationManagerTest"/>
  <testcase name="corrupted_seeder" time="10.528" classname="com.turn.ttorrent.client.CommunicationManagerTest"/>
  <testcase name="download_io_error" time="12.484" classname="com.turn.ttorrent.client.CommunicationManagerTest"/>
  <testcase name="download_many_times" time="17.748" classname="com.turn.ttorrent.client.CommunicationManagerTest"/>
  <testcase name="download_multiple_files" time="1.797" classname="com.turn.ttorrent.client.CommunicationManagerTest"/>
  <testcase name="download_uninterruptibly_negative" time="7.163" classname="com.turn.ttorrent.client.CommunicationManagerTest"/>
  <testcase name="download_uninterruptibly_positive" time="0.253" classname="com.turn.ttorrent.client.CommunicationManagerTest"/>
  <testcase name="download_uninterruptibly_timeout" time="7.163" classname="com.turn.ttorrent.client.CommunicationManagerTest"/>
  <testcase name="interrupt_download" time="0.444" classname="com.turn.ttorrent.client.CommunicationManagerTest"/>
  <testcase name="large_file_download" time="3.466" classname="com.turn.ttorrent.client.CommunicationManagerTest"/>
  <testcase name="more_than_one_seeder_for_same_torrent" time="0.038" classname="com.turn.ttorrent.client.CommunicationManagerTest"/>
  <testcase name="no_full_seeder_test" time="27.549" classname="com.turn.ttorrent.client.CommunicationManagerTest"/>
  <testcase name="peer_dies_during_download" time="2.669" classname="com.turn.ttorrent.client.CommunicationManagerTest"/>
  <testcase name="testClosingPieceStorageWhenDownloading" time="0.217" classname="com.turn.ttorrent.client.CommunicationManagerTest"/>
  <testcase name="testConnectToAllDiscoveredPeers" time="5.112" classname="com.turn.ttorrent.client.CommunicationManagerTest"/>
  <testcase name="testHungSeeder" time="8.618" classname="com.turn.ttorrent.client.CommunicationManagerTest"/>
  <testcase name="testListenersWithBadSeeder" time="15.586" classname="com.turn.ttorrent.client.CommunicationManagerTest"/>
  <testcase name="testManySeeders" time="2.341" classname="com.turn.ttorrent.client.CommunicationManagerTest"/>
  <testcase name="testThatDownloadStatisticProvidedToTracker" time="5.131" classname="com.turn.ttorrent.client.CommunicationManagerTest"/>
  <testcase name="testThatSeederIsNotReceivedHaveMessages" time="2.066" classname="com.turn.ttorrent.client.CommunicationManagerTest"/>
  <testcase name="testThatTorrentsHaveLazyInitAndRemovingAfterDownload" time="2.358" classname="com.turn.ttorrent.client.CommunicationManagerTest"/>
  <testcase name="test_connect_to_unknown_host" time="41.419" classname="com.turn.ttorrent.client.CommunicationManagerTest"/>
  <testcase name="test_seeding_does_not_change_file_modification_date" time="1.545" classname="com.turn.ttorrent.client.CommunicationManagerTest"/>
  <testcase name="torrentListenersPositiveTest" time="0.204" classname="com.turn.ttorrent.client.CommunicationManagerTest"/>
  <testcase name="unlock_file_when_no_leechers" time="2.584" classname="com.turn.ttorrent.client.CommunicationManagerTest"/>
  <testcase name="load_torrent_created_by_utorrent" time="0.001" classname="com.turn.ttorrent.common.TorrentTest"/>
  <testcase name="testFilenames" time="0.001" classname="com.turn.ttorrent.common.TorrentTest"/>
  <testcase name="test_create_torrent" time="0.007" classname="com.turn.ttorrent.common.TorrentTest"/>
  <testcase name="torrent_from_multiple_files" time="0.014" classname="com.turn.ttorrent.common.TorrentTest"/>
  <testcase name="test_announce" time="0.003" classname="com.turn.ttorrent.tracker.TrackerAnnounceTest"/>
  <testcase name="multiAnnounceTest" time="0.891" classname="com.turn.ttorrent.client.announce.TrackerClientTest"/>
  <testcase name="testPeerWithManyInterfaces" time="0.755" classname="com.turn.ttorrent.tracker.TrackerTest"/>
  <testcase name="test_share_and_download" time="0.538" classname="com.turn.ttorrent.tracker.TrackerTest"/>
  <testcase name="test_tracker_all_ports" time="0.215" classname="com.turn.ttorrent.tracker.TrackerTest"/>
  <testcase name="tracker_accepts_torrent_from_leech" time="0.524" classname="com.turn.ttorrent.tracker.TrackerTest"/>
  <testcase name="tracker_accepts_torrent_from_seeder" time="0.535" classname="com.turn.ttorrent.tracker.TrackerTest"/>
  <testcase name="tracker_accepts_torrent_from_seeder_plus_leech" time="0.539" classname="com.turn.ttorrent.tracker.TrackerTest"/>
  <testcase name="tracker_removes_peer_after_peer_shutdown" time="0.037" classname="com.turn.ttorrent.tracker.TrackerTest"/>
  <testcase name="tracker_removes_peer_after_timeout" time="10.238" classname="com.turn.ttorrent.tracker.TrackerTest"/>
</testsuite> <!-- Command line test -->
