<?xml version="1.0" encoding="UTF-8"?>
<!-- Generated by org.testng.reporters.JUnitXMLReporter -->
<testsuite hostname="TYRAEL-HPC" name="Command line test" tests="5" failures="0" timestamp="21 Dec 2020 09:37:10 GMT" time="4.843" errors="0">
  <testcase name="processCorrectTest" time="0.16" classname="com.turn.ttorrent.tracker.MultiAnnounceRequestProcessorTest"/>
  <testcase name="testPutIfAbsentAndUpdate" time="0.0" classname="com.turn.ttorrent.tracker.TorrentsRepositoryTest"/>
  <testcase name="testThatCleanupDontLockAllTorrentsAndStorage" time="0.003" classname="com.turn.ttorrent.tracker.TorrentsRepositoryTest"/>
  <testcase name="testThatTorrentsCanRemovedFromStorage" time="0.001" classname="com.turn.ttorrent.tracker.TorrentsRepositoryTest"/>
  <testcase name="testThatTorrentsStoredInRepository" time="0.0" classname="com.turn.ttorrent.tracker.TorrentsRepositoryTest"/>
</testsuite> <!-- Command line test -->
