<?xml version="1.0" encoding="UTF-8"?>
<!-- Generated by org.testng.reporters.JUnitXMLReporter -->
<testsuite hostname="TYRAEL-HPC" name="Command line test" tests="14" failures="0" timestamp="21 Dec 2020 09:37:27 GMT" time="12.994" errors="0">
  <testcase name="testInvocation" time="0.004" classname="com.turn.ttorrent.client.EventDispatcherTest"/>
  <testcase name="testWithoutListeners" time="0.0" classname="com.turn.ttorrent.client.EventDispatcherTest"/>
  <testcase name="testCreatingStorageForLargeFile" time="11.692" classname="com.turn.ttorrent.client.storage.FairPieceStorageFactoryTest"/>
  <testcase name="testSelect" time="0.05" classname="com.turn.ttorrent.client.storage.FileCollectionStorageTest"/>
  <testcase name="testReceiveHandshake" time="0.104" classname="com.turn.ttorrent.client.network.HandshakeReceiverTest"/>
  <testcase name="getAndRemoveSharingPeersTest" time="0.1" classname="com.turn.ttorrent.client.PeersStorageTest"/>
  <testcase name="getSetSelfTest" time="0.0" classname="com.turn.ttorrent.client.PeersStorageTest"/>
  <testcase name="testThatPeersStorageReturnNewCollection" time="0.001" classname="com.turn.ttorrent.client.PeersStorageTest"/>
  <testcase name="testFullStorage" time="0.0" classname="com.turn.ttorrent.client.storage.PieceStorageImplTest"/>
  <testcase name="testReadUnavailablePiece" time="0.0" classname="com.turn.ttorrent.client.storage.PieceStorageImplTest"/>
  <testcase name="testStorage" time="0.0" classname="com.turn.ttorrent.client.storage.PieceStorageImplTest"/>
  <testcase name="choosePieceNoInterestingTest" time="0.0" classname="com.turn.ttorrent.client.strategy.RequestStrategyImplAnyInterestingTest"/>
  <testcase name="choosePieceOneInterestingTest" time="0.0" classname="com.turn.ttorrent.client.strategy.RequestStrategyImplAnyInterestingTest"/>
  <testcase name="choosePieceTest" time="0.001" classname="com.turn.ttorrent.client.strategy.RequestStrategyImplAnyInterestingTest"/>
</testsuite> <!-- Command line test -->
